<?xml version="1.0" encoding="UTF-8"?>
<!-- Generated by org.testng.reporters.JUnitReportReporter -->
<testsuite skipped="0" hostname="GSG1PM-FT0384" name="applicationHandling.Setup" tests="1" failures="0" timestamp="02 Apr 2019 13:27:47 GMT" time="16.940" errors="0">
  <testcase name="loginViaOTP" time="16.940" classname="applicationHandling.Setup"/>
</testsuite> <!-- applicationHandling.Setup -->
