<?xml version="1.0" encoding="UTF-8"?>
<!-- Generated by org.testng.reporters.JUnitReportReporter -->
<testsuite skipped="1" hostname="GSG1PM-FT0384" name="Package.AppTest" tests="1" failures="0" timestamp="28 Mar 2019 06:43:49 GMT" time="0.000" errors="0">
  <testcase name="testApp" time="0.000" classname="Package.AppTest">
    <skipped/>
  </testcase> <!-- testApp -->
</testsuite> <!-- Package.AppTest -->
